[2023-05-30 20:59:46.650] [pxr_streamer] [info] ***********  Log Begin **********
[2023-05-30 20:59:46.651] [pxr_streamer] [info] process id= 10228
[2023-05-30 20:59:46.651] [pxr_streamer] [error] rpc_terminal.cpp:37 operator (): connect failed, error= 無法連線，因為目標電腦拒絕連線。, this = 0x6ce48710
[2023-05-30 20:59:46.654] [pxr_streamer] [error] rpc_terminal.h:50 Call: invalid rpc_client_, msg = Hello, this = 0x6ce48710
[2023-05-30 20:59:46.654] [pxr_streamer] [error] rpc_terminal.h:50 Call: invalid rpc_client_, msg = QueryRemoteTerminals, this = 0x6ce48710
[2023-05-30 20:59:49.686] [pxr_streamer] [error] rpc_terminal.cpp:37 operator (): connect failed, error= 無法連線，因為目標電腦拒絕連線。, this = 0x6ce48710
[2023-05-30 20:59:52.716] [pxr_streamer] [error] rpc_terminal.cpp:37 operator (): connect failed, error= 無法連線，因為目標電腦拒絕連線。, this = 0x6ce48710
[2023-05-30 20:59:55.761] [pxr_streamer] [error] rpc_terminal.cpp:37 operator (): connect failed, error= 無法連線，因為目標電腦拒絕連線。, this = 0x6ce48710
[2023-05-30 20:59:58.814] [pxr_streamer] [error] rpc_terminal.cpp:37 operator (): connect failed, error= 無法連線，因為目標電腦拒絕連線。, this = 0x6ce48710
[2023-05-30 21:00:01.871] [pxr_streamer] [error] rpc_terminal.cpp:37 operator (): connect failed, error= 無法連線，因為目標電腦拒絕連線。, this = 0x6ce48710
[2023-05-30 21:00:04.923] [pxr_streamer] [error] rpc_terminal.cpp:37 operator (): connect failed, error= 無法連線，因為目標電腦拒絕連線。, this = 0x6ce48710
[2023-05-30 21:00:07.966] [pxr_streamer] [error] rpc_terminal.cpp:37 operator (): connect failed, error= 無法連線，因為目標電腦拒絕連線。, this = 0x6ce48710
[2023-05-30 21:00:11.022] [pxr_streamer] [error] rpc_terminal.cpp:37 operator (): connect failed, error= 無法連線，因為目標電腦拒絕連線。, this = 0x6ce48710
[2023-05-30 21:00:14.060] [pxr_streamer] [error] rpc_terminal.cpp:37 operator (): connect failed, error= 無法連線，因為目標電腦拒絕連線。, this = 0x6ce48710
[2023-05-30 21:00:17.127] [pxr_streamer] [error] rpc_terminal.cpp:37 operator (): connect failed, error= 無法連線，因為目標電腦拒絕連線。, this = 0x6ce48710
[2023-05-30 21:00:20.169] [pxr_streamer] [error] rpc_terminal.cpp:37 operator (): connect failed, error= 無法連線，因為目標電腦拒絕連線。, this = 0x6ce48710
[2023-05-30 21:00:23.235] [pxr_streamer] [error] rpc_terminal.cpp:37 operator (): connect failed, error= 無法連線，因為目標電腦拒絕連線。, this = 0x6ce48710
[2023-05-30 21:00:26.283] [pxr_streamer] [error] rpc_terminal.cpp:37 operator (): connect failed, error= 無法連線，因為目標電腦拒絕連線。, this = 0x6ce48710
[2023-05-30 21:00:29.325] [pxr_streamer] [error] rpc_terminal.cpp:37 operator (): connect failed, error= 無法連線，因為目標電腦拒絕連線。, this = 0x6ce48710
[2023-05-30 21:00:32.365] [pxr_streamer] [error] rpc_terminal.cpp:37 operator (): connect failed, error= 無法連線，因為目標電腦拒絕連線。, this = 0x6ce48710
[2023-05-30 21:00:35.419] [pxr_streamer] [error] rpc_terminal.cpp:37 operator (): connect failed, error= 無法連線，因為目標電腦拒絕連線。, this = 0x6ce48710
[2023-05-30 21:00:38.471] [pxr_streamer] [error] rpc_terminal.cpp:37 operator (): connect failed, error= 無法連線，因為目標電腦拒絕連線。, this = 0x6ce48710
[2023-05-30 21:00:41.522] [pxr_streamer] [error] rpc_terminal.cpp:37 operator (): connect failed, error= 無法連線，因為目標電腦拒絕連線。, this = 0x6ce48710
[2023-05-30 21:00:44.561] [pxr_streamer] [error] rpc_terminal.cpp:37 operator (): connect failed, error= 無法連線，因為目標電腦拒絕連線。, this = 0x6ce48710
[2023-05-30 21:00:47.604] [pxr_streamer] [error] rpc_terminal.cpp:37 operator (): connect failed, error= 無法連線，因為目標電腦拒絕連線。, this = 0x6ce48710
[2023-05-30 21:00:50.630] [pxr_streamer] [error] rpc_terminal.cpp:37 operator (): connect failed, error= 無法連線，因為目標電腦拒絕連線。, this = 0x6ce48710
[2023-05-30 21:00:53.664] [pxr_streamer] [error] rpc_terminal.cpp:37 operator (): connect failed, error= 無法連線，因為目標電腦拒絕連線。, this = 0x6ce48710
[2023-05-30 21:00:56.715] [pxr_streamer] [error] rpc_terminal.cpp:37 operator (): connect failed, error= 無法連線，因為目標電腦拒絕連線。, this = 0x6ce48710
[2023-05-30 21:00:59.769] [pxr_streamer] [error] rpc_terminal.cpp:37 operator (): connect failed, error= 無法連線，因為目標電腦拒絕連線。, this = 0x6ce48710
[2023-05-30 21:01:02.829] [pxr_streamer] [error] rpc_terminal.cpp:37 operator (): connect failed, error= 無法連線，因為目標電腦拒絕連線。, this = 0x6ce48710
[2023-05-30 21:01:05.844] [pxr_streamer] [error] rpc_terminal.cpp:37 operator (): connect failed, error= 無法連線，因為目標電腦拒絕連線。, this = 0x6ce48710
[2023-05-30 21:01:08.887] [pxr_streamer] [error] rpc_terminal.cpp:37 operator (): connect failed, error= 無法連線，因為目標電腦拒絕連線。, this = 0x6ce48710
[2023-05-30 21:01:11.894] [pxr_streamer] [error] rpc_terminal.cpp:37 operator (): connect failed, error= 無法連線，因為目標電腦拒絕連線。, this = 0x6ce48710
[2023-05-30 21:01:14.914] [pxr_streamer] [error] rpc_terminal.cpp:37 operator (): connect failed, error= 無法連線，因為目標電腦拒絕連線。, this = 0x6ce48710
[2023-05-30 21:01:17.926] [pxr_streamer] [error] rpc_terminal.cpp:37 operator (): connect failed, error= 無法連線，因為目標電腦拒絕連線。, this = 0x6ce48710
[2023-05-30 21:01:20.957] [pxr_streamer] [error] rpc_terminal.cpp:37 operator (): connect failed, error= 無法連線，因為目標電腦拒絕連線。, this = 0x6ce48710
[2023-05-30 21:01:24.001] [pxr_streamer] [error] rpc_terminal.cpp:37 operator (): connect failed, error= 無法連線，因為目標電腦拒絕連線。, this = 0x6ce48710
[2023-05-30 21:01:27.022] [pxr_streamer] [error] rpc_terminal.cpp:37 operator (): connect failed, error= 無法連線，因為目標電腦拒絕連線。, this = 0x6ce48710
[2023-05-30 21:01:30.058] [pxr_streamer] [error] rpc_terminal.cpp:37 operator (): connect failed, error= 無法連線，因為目標電腦拒絕連線。, this = 0x6ce48710
[2023-05-30 21:01:33.093] [pxr_streamer] [error] rpc_terminal.cpp:37 operator (): connect failed, error= 無法連線，因為目標電腦拒絕連線。, this = 0x6ce48710
[2023-05-30 21:01:36.153] [pxr_streamer] [error] rpc_terminal.cpp:37 operator (): connect failed, error= 無法連線，因為目標電腦拒絕連線。, this = 0x6ce48710
[2023-05-30 21:01:39.174] [pxr_streamer] [error] rpc_terminal.cpp:37 operator (): connect failed, error= 無法連線，因為目標電腦拒絕連線。, this = 0x6ce48710
[2023-05-30 21:01:42.210] [pxr_streamer] [error] rpc_terminal.cpp:37 operator (): connect failed, error= 無法連線，因為目標電腦拒絕連線。, this = 0x6ce48710
[2023-05-30 21:01:45.265] [pxr_streamer] [error] rpc_terminal.cpp:37 operator (): connect failed, error= 無法連線，因為目標電腦拒絕連線。, this = 0x6ce48710
[2023-05-30 21:01:48.296] [pxr_streamer] [error] rpc_terminal.cpp:37 operator (): connect failed, error= 無法連線，因為目標電腦拒絕連線。, this = 0x6ce48710
[2023-05-30 21:01:51.343] [pxr_streamer] [error] rpc_terminal.cpp:37 operator (): connect failed, error= 無法連線，因為目標電腦拒絕連線。, this = 0x6ce48710
[2023-05-30 21:01:54.377] [pxr_streamer] [error] rpc_terminal.cpp:37 operator (): connect failed, error= 無法連線，因為目標電腦拒絕連線。, this = 0x6ce48710
[2023-05-30 21:01:57.399] [pxr_streamer] [error] rpc_terminal.cpp:37 operator (): connect failed, error= 無法連線，因為目標電腦拒絕連線。, this = 0x6ce48710
[2023-05-30 21:02:00.443] [pxr_streamer] [error] rpc_terminal.cpp:37 operator (): connect failed, error= 無法連線，因為目標電腦拒絕連線。, this = 0x6ce48710
[2023-05-30 21:02:03.477] [pxr_streamer] [error] rpc_terminal.cpp:37 operator (): connect failed, error= 無法連線，因為目標電腦拒絕連線。, this = 0x6ce48710
[2023-05-30 21:02:06.521] [pxr_streamer] [error] rpc_terminal.cpp:37 operator (): connect failed, error= 無法連線，因為目標電腦拒絕連線。, this = 0x6ce48710
[2023-05-30 21:02:09.551] [pxr_streamer] [error] rpc_terminal.cpp:37 operator (): connect failed, error= 無法連線，因為目標電腦拒絕連線。, this = 0x6ce48710
[2023-05-30 21:02:12.600] [pxr_streamer] [error] rpc_terminal.cpp:37 operator (): connect failed, error= 無法連線，因為目標電腦拒絕連線。, this = 0x6ce48710
[2023-05-30 21:02:15.655] [pxr_streamer] [error] rpc_terminal.cpp:37 operator (): connect failed, error= 無法連線，因為目標電腦拒絕連線。, this = 0x6ce48710
[2023-05-30 21:02:18.688] [pxr_streamer] [error] rpc_terminal.cpp:37 operator (): connect failed, error= 無法連線，因為目標電腦拒絕連線。, this = 0x6ce48710
[2023-05-30 21:02:21.731] [pxr_streamer] [error] rpc_terminal.cpp:37 operator (): connect failed, error= 無法連線，因為目標電腦拒絕連線。, this = 0x6ce48710
[2023-05-30 21:02:24.753] [pxr_streamer] [error] rpc_terminal.cpp:37 operator (): connect failed, error= 無法連線，因為目標電腦拒絕連線。, this = 0x6ce48710
[2023-05-30 21:02:27.799] [pxr_streamer] [error] rpc_terminal.cpp:37 operator (): connect failed, error= 無法連線，因為目標電腦拒絕連線。, this = 0x6ce48710
[2023-05-30 21:02:30.828] [pxr_streamer] [error] rpc_terminal.cpp:37 operator (): connect failed, error= 無法連線，因為目標電腦拒絕連線。, this = 0x6ce48710
[2023-05-30 21:02:33.858] [pxr_streamer] [error] rpc_terminal.cpp:37 operator (): connect failed, error= 無法連線，因為目標電腦拒絕連線。, this = 0x6ce48710
[2023-05-30 21:02:36.896] [pxr_streamer] [error] rpc_terminal.cpp:37 operator (): connect failed, error= 無法連線，因為目標電腦拒絕連線。, this = 0x6ce48710
[2023-05-30 21:02:39.907] [pxr_streamer] [error] rpc_terminal.cpp:37 operator (): connect failed, error= 無法連線，因為目標電腦拒絕連線。, this = 0x6ce48710
[2023-05-30 21:02:42.934] [pxr_streamer] [error] rpc_terminal.cpp:37 operator (): connect failed, error= 無法連線，因為目標電腦拒絕連線。, this = 0x6ce48710
[2023-05-30 21:02:45.964] [pxr_streamer] [error] rpc_terminal.cpp:37 operator (): connect failed, error= 無法連線，因為目標電腦拒絕連線。, this = 0x6ce48710
[2023-05-30 21:02:48.983] [pxr_streamer] [error] rpc_terminal.cpp:37 operator (): connect failed, error= 無法連線，因為目標電腦拒絕連線。, this = 0x6ce48710
[2023-05-30 21:02:52.028] [pxr_streamer] [error] rpc_terminal.cpp:37 operator (): connect failed, error= 無法連線，因為目標電腦拒絕連線。, this = 0x6ce48710
[2023-05-30 21:02:55.063] [pxr_streamer] [error] rpc_terminal.cpp:37 operator (): connect failed, error= 無法連線，因為目標電腦拒絕連線。, this = 0x6ce48710
[2023-05-30 21:02:58.121] [pxr_streamer] [error] rpc_terminal.cpp:37 operator (): connect failed, error= 無法連線，因為目標電腦拒絕連線。, this = 0x6ce48710
[2023-05-30 21:03:01.139] [pxr_streamer] [error] rpc_terminal.cpp:37 operator (): connect failed, error= 無法連線，因為目標電腦拒絕連線。, this = 0x6ce48710
[2023-05-30 21:03:04.164] [pxr_streamer] [error] rpc_terminal.cpp:37 operator (): connect failed, error= 無法連線，因為目標電腦拒絕連線。, this = 0x6ce48710
[2023-05-30 21:03:07.190] [pxr_streamer] [error] rpc_terminal.cpp:37 operator (): connect failed, error= 無法連線，因為目標電腦拒絕連線。, this = 0x6ce48710
[2023-05-30 21:03:10.238] [pxr_streamer] [error] rpc_terminal.cpp:37 operator (): connect failed, error= 無法連線，因為目標電腦拒絕連線。, this = 0x6ce48710
[2023-05-30 21:03:13.257] [pxr_streamer] [error] rpc_terminal.cpp:37 operator (): connect failed, error= 無法連線，因為目標電腦拒絕連線。, this = 0x6ce48710
[2023-05-30 21:03:16.307] [pxr_streamer] [error] rpc_terminal.cpp:37 operator (): connect failed, error= 無法連線，因為目標電腦拒絕連線。, this = 0x6ce48710
[2023-05-30 21:03:19.355] [pxr_streamer] [error] rpc_terminal.cpp:37 operator (): connect failed, error= 無法連線，因為目標電腦拒絕連線。, this = 0x6ce48710
[2023-05-30 21:03:22.410] [pxr_streamer] [error] rpc_terminal.cpp:37 operator (): connect failed, error= 無法連線，因為目標電腦拒絕連線。, this = 0x6ce48710
[2023-05-30 21:03:25.426] [pxr_streamer] [error] rpc_terminal.cpp:37 operator (): connect failed, error= 無法連線，因為目標電腦拒絕連線。, this = 0x6ce48710
[2023-05-30 21:03:28.452] [pxr_streamer] [error] rpc_terminal.cpp:37 operator (): connect failed, error= 無法連線，因為目標電腦拒絕連線。, this = 0x6ce48710
[2023-05-30 21:03:31.487] [pxr_streamer] [error] rpc_terminal.cpp:37 operator (): connect failed, error= 無法連線，因為目標電腦拒絕連線。, this = 0x6ce48710
[2023-05-30 21:03:34.520] [pxr_streamer] [error] rpc_terminal.cpp:37 operator (): connect failed, error= 無法連線，因為目標電腦拒絕連線。, this = 0x6ce48710
[2023-05-30 21:03:37.563] [pxr_streamer] [error] rpc_terminal.cpp:37 operator (): connect failed, error= 無法連線，因為目標電腦拒絕連線。, this = 0x6ce48710
[2023-05-30 21:03:40.598] [pxr_streamer] [error] rpc_terminal.cpp:37 operator (): connect failed, error= 無法連線，因為目標電腦拒絕連線。, this = 0x6ce48710
[2023-05-30 21:03:43.631] [pxr_streamer] [error] rpc_terminal.cpp:37 operator (): connect failed, error= 無法連線，因為目標電腦拒絕連線。, this = 0x6ce48710
[2023-05-30 21:03:46.668] [pxr_streamer] [error] rpc_terminal.cpp:37 operator (): connect failed, error= 無法連線，因為目標電腦拒絕連線。, this = 0x6ce48710
[2023-05-30 21:03:49.714] [pxr_streamer] [error] rpc_terminal.cpp:37 operator (): connect failed, error= 無法連線，因為目標電腦拒絕連線。, this = 0x6ce48710
[2023-05-30 21:03:52.749] [pxr_streamer] [error] rpc_terminal.cpp:37 operator (): connect failed, error= 無法連線，因為目標電腦拒絕連線。, this = 0x6ce48710
[2023-05-30 21:03:55.794] [pxr_streamer] [error] rpc_terminal.cpp:37 operator (): connect failed, error= 無法連線，因為目標電腦拒絕連線。, this = 0x6ce48710
[2023-05-30 21:03:58.826] [pxr_streamer] [error] rpc_terminal.cpp:37 operator (): connect failed, error= 無法連線，因為目標電腦拒絕連線。, this = 0x6ce48710
[2023-05-30 21:04:01.871] [pxr_streamer] [error] rpc_terminal.cpp:37 operator (): connect failed, error= 無法連線，因為目標電腦拒絕連線。, this = 0x6ce48710
[2023-05-30 21:04:04.902] [pxr_streamer] [error] rpc_terminal.cpp:37 operator (): connect failed, error= 無法連線，因為目標電腦拒絕連線。, this = 0x6ce48710
[2023-05-30 21:04:07.949] [pxr_streamer] [error] rpc_terminal.cpp:37 operator (): connect failed, error= 無法連線，因為目標電腦拒絕連線。, this = 0x6ce48710
[2023-05-30 21:04:10.970] [pxr_streamer] [error] rpc_terminal.cpp:37 operator (): connect failed, error= 無法連線，因為目標電腦拒絕連線。, this = 0x6ce48710
[2023-05-30 21:04:14.004] [pxr_streamer] [error] rpc_terminal.cpp:37 operator (): connect failed, error= 無法連線，因為目標電腦拒絕連線。, this = 0x6ce48710
[2023-05-30 21:04:17.030] [pxr_streamer] [error] rpc_terminal.cpp:37 operator (): connect failed, error= 無法連線，因為目標電腦拒絕連線。, this = 0x6ce48710
[2023-05-30 21:04:20.068] [pxr_streamer] [error] rpc_terminal.cpp:37 operator (): connect failed, error= 無法連線，因為目標電腦拒絕連線。, this = 0x6ce48710
[2023-05-30 21:04:23.084] [pxr_streamer] [error] rpc_terminal.cpp:37 operator (): connect failed, error= 無法連線，因為目標電腦拒絕連線。, this = 0x6ce48710
[2023-05-30 21:04:26.124] [pxr_streamer] [error] rpc_terminal.cpp:37 operator (): connect failed, error= 無法連線，因為目標電腦拒絕連線。, this = 0x6ce48710
[2023-05-30 21:04:29.169] [pxr_streamer] [error] rpc_terminal.cpp:37 operator (): connect failed, error= 無法連線，因為目標電腦拒絕連線。, this = 0x6ce48710
[2023-05-30 21:04:32.227] [pxr_streamer] [error] rpc_terminal.cpp:37 operator (): connect failed, error= 無法連線，因為目標電腦拒絕連線。, this = 0x6ce48710
[2023-05-30 21:04:35.271] [pxr_streamer] [error] rpc_terminal.cpp:37 operator (): connect failed, error= 無法連線，因為目標電腦拒絕連線。, this = 0x6ce48710
[2023-05-30 21:04:38.326] [pxr_streamer] [error] rpc_terminal.cpp:37 operator (): connect failed, error= 無法連線，因為目標電腦拒絕連線。, this = 0x6ce48710
[2023-05-30 21:04:41.364] [pxr_streamer] [error] rpc_terminal.cpp:37 operator (): connect failed, error= 無法連線，因為目標電腦拒絕連線。, this = 0x6ce48710
[2023-05-30 21:04:44.404] [pxr_streamer] [error] rpc_terminal.cpp:37 operator (): connect failed, error= 無法連線，因為目標電腦拒絕連線。, this = 0x6ce48710
[2023-05-30 21:04:47.456] [pxr_streamer] [error] rpc_terminal.cpp:37 operator (): connect failed, error= 無法連線，因為目標電腦拒絕連線。, this = 0x6ce48710
[2023-05-30 21:04:50.478] [pxr_streamer] [error] rpc_terminal.cpp:37 operator (): connect failed, error= 無法連線，因為目標電腦拒絕連線。, this = 0x6ce48710
[2023-05-30 21:04:53.515] [pxr_streamer] [error] rpc_terminal.cpp:37 operator (): connect failed, error= 無法連線，因為目標電腦拒絕連線。, this = 0x6ce48710
[2023-05-30 21:04:56.561] [pxr_streamer] [error] rpc_terminal.cpp:37 operator (): connect failed, error= 無法連線，因為目標電腦拒絕連線。, this = 0x6ce48710
[2023-05-30 21:04:59.577] [pxr_streamer] [error] rpc_terminal.cpp:37 operator (): connect failed, error= 無法連線，因為目標電腦拒絕連線。, this = 0x6ce48710
[2023-05-30 21:05:02.623] [pxr_streamer] [error] rpc_terminal.cpp:37 operator (): connect failed, error= 無法連線，因為目標電腦拒絕連線。, this = 0x6ce48710
[2023-05-30 21:05:05.656] [pxr_streamer] [error] rpc_terminal.cpp:37 operator (): connect failed, error= 無法連線，因為目標電腦拒絕連線。, this = 0x6ce48710
[2023-05-30 21:05:08.690] [pxr_streamer] [error] rpc_terminal.cpp:37 operator (): connect failed, error= 無法連線，因為目標電腦拒絕連線。, this = 0x6ce48710
[2023-05-30 21:05:11.716] [pxr_streamer] [error] rpc_terminal.cpp:37 operator (): connect failed, error= 無法連線，因為目標電腦拒絕連線。, this = 0x6ce48710
[2023-05-30 21:05:14.770] [pxr_streamer] [error] rpc_terminal.cpp:37 operator (): connect failed, error= 無法連線，因為目標電腦拒絕連線。, this = 0x6ce48710
[2023-05-30 21:05:17.813] [pxr_streamer] [error] rpc_terminal.cpp:37 operator (): connect failed, error= 無法連線，因為目標電腦拒絕連線。, this = 0x6ce48710
[2023-05-30 21:05:20.880] [pxr_streamer] [error] rpc_terminal.cpp:37 operator (): connect failed, error= 無法連線，因為目標電腦拒絕連線。, this = 0x6ce48710
[2023-05-30 21:05:23.935] [pxr_streamer] [error] rpc_terminal.cpp:37 operator (): connect failed, error= 無法連線，因為目標電腦拒絕連線。, this = 0x6ce48710
[2023-05-30 21:05:26.986] [pxr_streamer] [error] rpc_terminal.cpp:37 operator (): connect failed, error= 無法連線，因為目標電腦拒絕連線。, this = 0x6ce48710
[2023-05-30 21:05:30.031] [pxr_streamer] [error] rpc_terminal.cpp:37 operator (): connect failed, error= 無法連線，因為目標電腦拒絕連線。, this = 0x6ce48710
[2023-05-30 21:05:33.097] [pxr_streamer] [error] rpc_terminal.cpp:37 operator (): connect failed, error= 無法連線，因為目標電腦拒絕連線。, this = 0x6ce48710
[2023-05-30 21:05:36.140] [pxr_streamer] [error] rpc_terminal.cpp:37 operator (): connect failed, error= 無法連線，因為目標電腦拒絕連線。, this = 0x6ce48710
[2023-05-30 21:05:39.183] [pxr_streamer] [error] rpc_terminal.cpp:37 operator (): connect failed, error= 無法連線，因為目標電腦拒絕連線。, this = 0x6ce48710
[2023-05-30 21:05:42.234] [pxr_streamer] [error] rpc_terminal.cpp:37 operator (): connect failed, error= 無法連線，因為目標電腦拒絕連線。, this = 0x6ce48710
[2023-05-30 21:05:45.267] [pxr_streamer] [error] rpc_terminal.cpp:37 operator (): connect failed, error= 無法連線，因為目標電腦拒絕連線。, this = 0x6ce48710
[2023-05-30 21:05:48.313] [pxr_streamer] [error] rpc_terminal.cpp:37 operator (): connect failed, error= 無法連線，因為目標電腦拒絕連線。, this = 0x6ce48710
[2023-05-30 21:05:51.346] [pxr_streamer] [error] rpc_terminal.cpp:37 operator (): connect failed, error= 無法連線，因為目標電腦拒絕連線。, this = 0x6ce48710
[2023-05-30 21:05:54.387] [pxr_streamer] [error] rpc_terminal.cpp:37 operator (): connect failed, error= 無法連線，因為目標電腦拒絕連線。, this = 0x6ce48710
[2023-05-30 21:05:57.439] [pxr_streamer] [error] rpc_terminal.cpp:37 operator (): connect failed, error= 無法連線，因為目標電腦拒絕連線。, this = 0x6ce48710
[2023-05-30 21:06:00.502] [pxr_streamer] [error] rpc_terminal.cpp:37 operator (): connect failed, error= 無法連線，因為目標電腦拒絕連線。, this = 0x6ce48710
[2023-05-30 21:06:03.566] [pxr_streamer] [error] rpc_terminal.cpp:37 operator (): connect failed, error= 無法連線，因為目標電腦拒絕連線。, this = 0x6ce48710
[2023-05-30 21:06:06.625] [pxr_streamer] [error] rpc_terminal.cpp:37 operator (): connect failed, error= 無法連線，因為目標電腦拒絕連線。, this = 0x6ce48710
[2023-05-30 21:06:09.685] [pxr_streamer] [error] rpc_terminal.cpp:37 operator (): connect failed, error= 無法連線，因為目標電腦拒絕連線。, this = 0x6ce48710
[2023-05-30 21:06:12.723] [pxr_streamer] [error] rpc_terminal.cpp:37 operator (): connect failed, error= 無法連線，因為目標電腦拒絕連線。, this = 0x6ce48710
[2023-05-30 21:06:15.750] [pxr_streamer] [error] rpc_terminal.cpp:37 operator (): connect failed, error= 無法連線，因為目標電腦拒絕連線。, this = 0x6ce48710
[2023-05-30 21:06:18.789] [pxr_streamer] [error] rpc_terminal.cpp:37 operator (): connect failed, error= 無法連線，因為目標電腦拒絕連線。, this = 0x6ce48710
[2023-05-30 21:06:21.830] [pxr_streamer] [error] rpc_terminal.cpp:37 operator (): connect failed, error= 無法連線，因為目標電腦拒絕連線。, this = 0x6ce48710
[2023-05-30 21:06:24.850] [pxr_streamer] [error] rpc_terminal.cpp:37 operator (): connect failed, error= 無法連線，因為目標電腦拒絕連線。, this = 0x6ce48710
[2023-05-30 21:06:27.874] [pxr_streamer] [error] rpc_terminal.cpp:37 operator (): connect failed, error= 無法連線，因為目標電腦拒絕連線。, this = 0x6ce48710
[2023-05-30 21:06:30.905] [pxr_streamer] [error] rpc_terminal.cpp:37 operator (): connect failed, error= 無法連線，因為目標電腦拒絕連線。, this = 0x6ce48710
[2023-05-30 21:06:33.910] [pxr_streamer] [error] rpc_terminal.cpp:37 operator (): connect failed, error= 無法連線，因為目標電腦拒絕連線。, this = 0x6ce48710
[2023-05-30 21:06:36.954] [pxr_streamer] [error] rpc_terminal.cpp:37 operator (): connect failed, error= 無法連線，因為目標電腦拒絕連線。, this = 0x6ce48710
[2023-05-30 21:06:39.969] [pxr_streamer] [error] rpc_terminal.cpp:37 operator (): connect failed, error= 無法連線，因為目標電腦拒絕連線。, this = 0x6ce48710
[2023-05-30 21:06:42.994] [pxr_streamer] [error] rpc_terminal.cpp:37 operator (): connect failed, error= 無法連線，因為目標電腦拒絕連線。, this = 0x6ce48710
[2023-05-30 21:06:46.021] [pxr_streamer] [error] rpc_terminal.cpp:37 operator (): connect failed, error= 無法連線，因為目標電腦拒絕連線。, this = 0x6ce48710
[2023-05-30 21:06:49.053] [pxr_streamer] [error] rpc_terminal.cpp:37 operator (): connect failed, error= 無法連線，因為目標電腦拒絕連線。, this = 0x6ce48710
[2023-05-30 21:06:52.113] [pxr_streamer] [error] rpc_terminal.cpp:37 operator (): connect failed, error= 無法連線，因為目標電腦拒絕連線。, this = 0x6ce48710
[2023-05-30 21:06:55.143] [pxr_streamer] [error] rpc_terminal.cpp:37 operator (): connect failed, error= 無法連線，因為目標電腦拒絕連線。, this = 0x6ce48710
[2023-05-30 21:06:58.186] [pxr_streamer] [error] rpc_terminal.cpp:37 operator (): connect failed, error= 無法連線，因為目標電腦拒絕連線。, this = 0x6ce48710
[2023-05-30 21:07:01.233] [pxr_streamer] [error] rpc_terminal.cpp:37 operator (): connect failed, error= 無法連線，因為目標電腦拒絕連線。, this = 0x6ce48710
[2023-05-30 21:07:04.279] [pxr_streamer] [error] rpc_terminal.cpp:37 operator (): connect failed, error= 無法連線，因為目標電腦拒絕連線。, this = 0x6ce48710
[2023-05-30 21:07:07.296] [pxr_streamer] [error] rpc_terminal.cpp:37 operator (): connect failed, error= 無法連線，因為目標電腦拒絕連線。, this = 0x6ce48710
[2023-05-30 21:07:10.312] [pxr_streamer] [error] rpc_terminal.cpp:37 operator (): connect failed, error= 無法連線，因為目標電腦拒絕連線。, this = 0x6ce48710
[2023-05-30 21:07:13.325] [pxr_streamer] [error] rpc_terminal.cpp:37 operator (): connect failed, error= 無法連線，因為目標電腦拒絕連線。, this = 0x6ce48710
[2023-05-30 21:07:16.373] [pxr_streamer] [error] rpc_terminal.cpp:37 operator (): connect failed, error= 無法連線，因為目標電腦拒絕連線。, this = 0x6ce48710
[2023-05-30 21:07:19.396] [pxr_streamer] [error] rpc_terminal.cpp:37 operator (): connect failed, error= 無法連線，因為目標電腦拒絕連線。, this = 0x6ce48710
[2023-05-30 21:07:22.452] [pxr_streamer] [error] rpc_terminal.cpp:37 operator (): connect failed, error= 無法連線，因為目標電腦拒絕連線。, this = 0x6ce48710
[2023-05-30 21:07:25.496] [pxr_streamer] [error] rpc_terminal.cpp:37 operator (): connect failed, error= 無法連線，因為目標電腦拒絕連線。, this = 0x6ce48710
[2023-05-30 21:07:28.527] [pxr_streamer] [error] rpc_terminal.cpp:37 operator (): connect failed, error= 無法連線，因為目標電腦拒絕連線。, this = 0x6ce48710
[2023-05-30 21:07:31.543] [pxr_streamer] [error] rpc_terminal.cpp:37 operator (): connect failed, error= 無法連線，因為目標電腦拒絕連線。, this = 0x6ce48710
[2023-05-30 21:07:34.561] [pxr_streamer] [error] rpc_terminal.cpp:37 operator (): connect failed, error= 無法連線，因為目標電腦拒絕連線。, this = 0x6ce48710
[2023-05-30 21:07:37.606] [pxr_streamer] [error] rpc_terminal.cpp:37 operator (): connect failed, error= 無法連線，因為目標電腦拒絕連線。, this = 0x6ce48710
[2023-05-30 21:07:40.638] [pxr_streamer] [error] rpc_terminal.cpp:37 operator (): connect failed, error= 無法連線，因為目標電腦拒絕連線。, this = 0x6ce48710
[2023-05-30 21:07:43.656] [pxr_streamer] [error] rpc_terminal.cpp:37 operator (): connect failed, error= 無法連線，因為目標電腦拒絕連線。, this = 0x6ce48710
[2023-05-30 21:07:46.696] [pxr_streamer] [error] rpc_terminal.cpp:37 operator (): connect failed, error= 無法連線，因為目標電腦拒絕連線。, this = 0x6ce48710
[2023-05-30 21:07:49.748] [pxr_streamer] [error] rpc_terminal.cpp:37 operator (): connect failed, error= 無法連線，因為目標電腦拒絕連線。, this = 0x6ce48710
[2023-05-30 21:07:52.794] [pxr_streamer] [error] rpc_terminal.cpp:37 operator (): connect failed, error= 無法連線，因為目標電腦拒絕連線。, this = 0x6ce48710
[2023-05-30 21:07:55.822] [pxr_streamer] [error] rpc_terminal.cpp:37 operator (): connect failed, error= 無法連線，因為目標電腦拒絕連線。, this = 0x6ce48710
